<?xml version="1.0" encoding="UTF-8"?>
<testng-results skipped="0" failed="0" ignored="0" total="1" passed="1">
  <reporter-output>
  </reporter-output>
  <suite name="Default suite" duration-ms="92" started-at="2017-10-14T04:59:40Z" finished-at="2017-10-14T04:59:40Z">
    <groups>
    </groups>
    <test name="Default test" duration-ms="92" started-at="2017-10-14T04:59:40Z" finished-at="2017-10-14T04:59:40Z">
      <class name="common.XmlUtilsTest">
        <test-method status="PASS" signature="testDom2Map()[pri:1, instance:common.XmlUtilsTest@55d56113]" name="testDom2Map" duration-ms="78" started-at="2017-10-14T12:59:40Z" finished-at="2017-10-14T12:59:40Z">
          <reporter-output>
          </reporter-output>
        </test-method> <!-- testDom2Map -->
      </class> <!-- common.XmlUtilsTest -->
    </test> <!-- Default test -->
  </suite> <!-- Default suite -->
</testng-results>
